# JRE version: OpenJDK Runtime Environment Microsoft-11926163 (17.0.16+8) (build 17.0.16+8-LTS)
# Java VM: OpenJDK 64-Bit Server VM Microsoft-11926163 (17.0.16+8-LTS, mixed mode, sharing, tiered, compressed oops, compressed class ptrs, g1 gc, windows-amd64)
GC Precious Log:
 CPUs: 4 total, 4 available
 Memory: 8067M
 Large Page Support: Disabled
 NUMA Support: Disabled
 Compressed Oops: Enabled (32-bit)
 Heap Region Size: 1M
 Heap Min Capacity: 64M
 Heap Initial Capacity: 64M
 Heap Max Capacity: 64M
 Pre-touch: Disabled
 Parallel Workers: 4
 Concurrent Workers: 1
 Concurrent Refinement Workers: 4
 Periodic GC: Disabled
Heap:
 garbage-first heap   total 65536K, used 15786K [0x00000000fc000000, 0x0000000100000000)
  region size 1024K, 9 young (9216K), 5 survivors (5120K)
 Metaspace       used 10388K, committed 10624K, reserved 1114112K
  class space    used 1343K, committed 1408K, reserved 1048576K
GC Heap History (6 events):
Event: 2.991 GC heap before
{Heap before GC invocations=0 (full 0):
 garbage-first heap   total 65536K, used 13312K [0x00000000fc000000, 0x0000000100000000)
  region size 1024K, 13 young (13312K), 0 survivors (0K)
 Metaspace       used 1674K, committed 1792K, reserved 1114112K
  class space    used 158K, committed 192K, reserved 1048576K
}
Event: 3.037 GC heap after
{Heap after GC invocations=1 (full 0):
 garbage-first heap   total 65536K, used 1504K [0x00000000fc000000, 0x0000000100000000)
  region size 1024K, 2 young (2048K), 2 survivors (2048K)
 Metaspace       used 1674K, committed 1792K, reserved 1114112K
  class space    used 158K, committed 192K, reserved 1048576K
}
Event: 4.551 GC heap before
{Heap before GC invocations=1 (full 0):
 garbage-first heap   total 65536K, used 21984K [0x00000000fc000000, 0x0000000100000000)
  region size 1024K, 20 young (20480K), 2 survivors (2048K)
 Metaspace       used 2021K, committed 2176K, reserved 1114112K
  class space    used 179K, committed 256K, reserved 1048576K
}
Event: 4.559 GC heap after
{Heap after GC invocations=2 (full 0):
 garbage-first heap   total 65536K, used 10235K [0x00000000fc000000, 0x0000000100000000)
  region size 1024K, 3 young (3072K), 3 survivors (3072K)
 Metaspace       used 2021K, committed 2176K, reserved 1114112K
  class space    used 179K, committed 256K, reserved 1048576K
}
Event: 156.107 GC heap before
{Heap before GC invocations=2 (full 0):
 garbage-first heap   total 65536K, used 46075K [0x00000000fc000000, 0x0000000100000000)
  region size 1024K, 38 young (38912K), 3 survivors (3072K)
 Metaspace       used 10095K, committed 10368K, reserved 1114112K
  class space    used 1317K, committed 1408K, reserved 1048576K
}
Event: 156.213 GC heap after
{Heap after GC invocations=3 (full 0):
 garbage-first heap   total 65536K, used 12714K [0x00000000fc000000, 0x0000000100000000)
  region size 1024K, 5 young (5120K), 5 survivors (5120K)
 Metaspace       used 10095K, committed 10368K, reserved 1114112K
  class space    used 1317K, committed 1408K, reserved 1048576K
}

